<?xml version="1.0" encoding="UTF-8"?>
<testng-results ignored="0" total="1" passed="1" failed="0" skipped="0">
  <reporter-output>
  </reporter-output>
  <suite started-at="2024-03-14T12:03:26 IST" name="Default suite" finished-at="2024-03-14T12:03:32 IST" duration-ms="6380">
    <groups>
    </groups>
    <test started-at="2024-03-14T12:03:26 IST" name="Default test" finished-at="2024-03-14T12:03:32 IST" duration-ms="6380">
      <class name="day2.JsonPathResponse">
        <test-method signature="jsonPathResposnse()[pri:0, instance:day2.JsonPathResponse@294425a7]" started-at="2024-03-14T12:03:26 IST" name="jsonPathResposnse" finished-at="2024-03-14T12:03:32 IST" duration-ms="6086" status="PASS">
          <reporter-output>
          </reporter-output>
        </test-method> <!-- jsonPathResposnse -->
      </class> <!-- day2.JsonPathResponse -->
    </test> <!-- Default test -->
  </suite> <!-- Default suite -->
</testng-results>
